<?xml version="1.0" encoding="UTF-8"?>
<!-- Generated by org.testng.reporters.JUnitReportReporter -->
<testsuite hostname="Manikets-Air.bbrouter" failures="0" tests="1" name="TNG.hardAssertions" time="0.030" errors="0" timestamp="2023-08-01T18:46:53 IST" skipped="0">
  <testcase classname="TNG.hardAssertions" name="test" time="0.030"/>
</testsuite> <!-- TNG.hardAssertions -->
