<?xml version="1.0" encoding="UTF-8"?>
<!-- Generated by org.testng.reporters.JUnitReportReporter -->
<testsuite hostname="Manikets-Air.bbrouter" failures="0" tests="2" name="TNG.Annotation2" time="0.018" errors="0" timestamp="2023-08-01T18:16:57 IST" skipped="0">
  <testcase classname="TNG.Annotation2" name="search" time="0.015"/>
  <testcase classname="TNG.Annotation2" name="advancedSearch" time="0.003"/>
</testsuite> <!-- TNG.Annotation2 -->
