<?xml version="1.0" encoding="UTF-8"?>
<!-- Generated by org.testng.reporters.JUnitReportReporter -->
<testsuite hostname="Manikets-Air.bbrouter" failures="0" tests="3" name="TNG.SecondTest" time="16.617" errors="0" timestamp="2023-08-01T17:41:32 IST" skipped="0">
  <testcase classname="TNG.SecondTest" name="openApp" time="10.936"/>
  <testcase classname="TNG.SecondTest" name="login" time="5.551"/>
  <testcase classname="TNG.SecondTest" name="close" time="0.130"/>
</testsuite> <!-- TNG.SecondTest -->
