<?xml version="1.0" encoding="UTF-8"?>
<!-- Generated by org.testng.reporters.JUnitReportReporter -->
<testsuite hostname="Manikets-MacBook-Air.local" failures="0" tests="2" name="TestNGAnnotation.class2" time="0.002" errors="0" timestamp="2023-08-22T14:08:12 IST" skipped="0">
  <testcase classname="TestNGAnnotation.class2" name="xyz" time="0.001"/>
  <testcase classname="TestNGAnnotation.class2" name="xyz" time="0.001"/>
</testsuite> <!-- TestNGAnnotation.class2 -->
