<?xml version="1.0" encoding="UTF-8"?>
<!-- Generated by org.testng.reporters.JUnitReportReporter -->
<testsuite hostname="Manikets-MacBook-Air.local" failures="0" tests="5" name="TestNGAnnotation.DeoendentMethods" time="0.029" errors="0" timestamp="2023-08-22T14:19:39 IST" skipped="0">
  <testcase classname="TestNGAnnotation.DeoendentMethods" name="openapp" time="0.007"/>
  <testcase classname="TestNGAnnotation.DeoendentMethods" name="login" time="0.002"/>
  <testcase classname="TestNGAnnotation.DeoendentMethods" name="Search" time="0.015"/>
  <testcase classname="TestNGAnnotation.DeoendentMethods" name="adSearch" time="0.003"/>
  <testcase classname="TestNGAnnotation.DeoendentMethods" name="logout" time="0.002"/>
</testsuite> <!-- TestNGAnnotation.DeoendentMethods -->
