<?xml version="1.0" encoding="UTF-8"?>
<!-- Generated by org.testng.reporters.JUnitReportReporter -->
<testsuite hostname="Manikets-MacBook-Air.local" failures="0" tests="2" name="TesNG.Annotationss2" time="0.009" errors="0" timestamp="2023-08-22T13:31:02 IST" skipped="0">
  <testcase classname="TesNG.Annotationss2" name="search" time="0.007"/>
  <testcase classname="TesNG.Annotationss2" name="advancedSearch" time="0.002"/>
</testsuite> <!-- TesNG.Annotationss2 -->
