<?xml version="1.0" encoding="UTF-8"?>
<!-- Generated by org.testng.reporters.JUnitReportReporter -->
<testsuite hostname="Manikets-MacBook-Air.local" failures="0" tests="2" name="TestNGAnnotation.class1" time="0.007" errors="0" timestamp="2023-08-22T14:08:12 IST" skipped="0">
  <testcase classname="TestNGAnnotation.class1" name="abc" time="0.002"/>
  <testcase classname="TestNGAnnotation.class1" name="abc" time="0.005"/>
</testsuite> <!-- TestNGAnnotation.class1 -->
