<?xml version="1.0" encoding="UTF-8"?>
<!-- Generated by org.testng.reporters.JUnitReportReporter -->
<testsuite hostname="Manikets-Air.bbrouter" failures="0" tests="3" name="TNG.Grouping" time="0.014" errors="0" timestamp="2023-08-01T20:36:00 IST" skipped="0">
  <testcase classname="TNG.Grouping" name="loginByfacebook" time="0.009"/>
  <testcase classname="TNG.Grouping" name="loginBytwitter" time="0.002"/>
  <testcase classname="TNG.Grouping" name="paymentinruppes" time="0.003"/>
</testsuite> <!-- TNG.Grouping -->
