<?xml version="1.0" encoding="UTF-8"?>
<!-- Generated by org.testng.reporters.JUnitReportReporter -->
<testsuite hostname="Manikets-MacBook-Air.local" failures="0" tests="3" name="TesNG.Second" time="17.825" errors="0" timestamp="2023-08-22T12:49:20 IST" skipped="0">
  <testcase classname="TesNG.Second" name="openApp" time="12.901"/>
  <testcase classname="TesNG.Second" name="login" time="4.807"/>
  <testcase classname="TesNG.Second" name="closeApp" time="0.117"/>
</testsuite> <!-- TesNG.Second -->
