<?xml version="1.0" encoding="UTF-8"?>
<!-- Generated by org.testng.reporters.JUnitReportReporter -->
<testsuite hostname="Manikets-Air.bbrouter" failures="0" tests="3" name="TNG.FirstTest" time="0.004" errors="0" timestamp="2023-08-01T17:41:32 IST" skipped="0">
  <testcase classname="TNG.FirstTest" name="test2" time="0.001"/>
  <testcase classname="TNG.FirstTest" name="test3" time="0.002"/>
  <testcase classname="TNG.FirstTest" name="test1" time="0.001"/>
</testsuite> <!-- TNG.FirstTest -->
