<?xml version="1.0" encoding="UTF-8"?>
<!-- Generated by org.testng.reporters.JUnitReportReporter -->
<testsuite hostname="Manikets-MacBook-Air.local" failures="0" tests="2" name="TesNG.Annotationss" time="0.023" errors="0" timestamp="2023-08-22T13:26:23 IST" skipped="0">
  <testcase classname="TesNG.Annotationss" name="search" time="0.021"/>
  <testcase classname="TesNG.Annotationss" name="advancedSearch" time="0.002"/>
</testsuite> <!-- TesNG.Annotationss -->
