<?xml version="1.0" encoding="UTF-8"?>
<!-- Generated by org.testng.reporters.JUnitReportReporter -->
<testsuite hostname="Manikets-Air.bbrouter" failures="0" tests="2" name="TNG.Annotation" time="0.027" errors="0" timestamp="2023-08-01T18:13:30 IST" skipped="0">
  <testcase classname="TNG.Annotation" name="search" time="0.022"/>
  <testcase classname="TNG.Annotation" name="advancedSearch" time="0.005"/>
</testsuite> <!-- TNG.Annotation -->
