<?xml version="1.0" encoding="UTF-8"?>
<!-- Generated by org.testng.reporters.JUnitReportReporter -->
<testsuite hostname="MacBookAir" failures="0" tests="2" name="WaysToCreatePOSTReq.PostRequest" time="3.470" errors="0" timestamp="2024-12-07T00:58:40 IST" skipped="0">
  <testcase classname="WaysToCreatePOSTReq.PostRequest" name="testPostUsingPojoClass" time="3.392"/>
  <testcase classname="WaysToCreatePOSTReq.PostRequest" name="TestDelete" time="0.078"/>
</testsuite> <!-- WaysToCreatePOSTReq.PostRequest -->
