<?xml version="1.0" encoding="UTF-8"?>
<!-- Generated by org.testng.reporters.JUnitReportReporter -->
<testsuite hostname="MacBookAir" failures="0" tests="3" name="ParsingJsonData.ParsingJsonResponseData" time="3.510" errors="0" timestamp="2024-12-08T16:07:07 IST" skipped="0">
  <testcase classname="ParsingJsonData.ParsingJsonResponseData" name="testJsonRespose" time="3.105"/>
  <testcase classname="ParsingJsonData.ParsingJsonResponseData" name="testJsonResponse" time="0.364"/>
  <testcase classname="ParsingJsonData.ParsingJsonResponseData" name="testJsonObject" time="0.041"/>
</testsuite> <!-- ParsingJsonData.ParsingJsonResponseData -->
