<?xml version="1.0" encoding="UTF-8"?>
<!-- Generated by org.testng.reporters.JUnitReportReporter -->
<testsuite hostname="MacBookAir" failures="0" tests="1" name="PathAndQueryParameter.PathAndQueryParameters" time="3.260" errors="0" timestamp="2024-12-07T01:43:54 IST" skipped="0">
  <testcase classname="PathAndQueryParameter.PathAndQueryParameters" name="testQueryAndPathParameters" time="3.260"/>
</testsuite> <!-- PathAndQueryParameter.PathAndQueryParameters -->
