<?xml version="1.0" encoding="UTF-8"?>
<!-- Generated by org.testng.reporters.JUnitReportReporter -->
<testsuite hostname="MacBookAir" failures="0" tests="1" name="PathAndQueryParameter.CookiesDemo" time="3.176" errors="0" timestamp="2024-12-07T14:40:15 IST" skipped="0">
  <testcase classname="PathAndQueryParameter.CookiesDemo" name="getCookiesInfo" time="3.176"/>
</testsuite> <!-- PathAndQueryParameter.CookiesDemo -->
