<?xml version="1.0" encoding="UTF-8"?>
<!-- Generated by org.testng.reporters.JUnitReportReporter -->
<testsuite hostname="MacBookAir" failures="0" tests="2" name="PathAndQueryParameter.HeaderDemo" time="3.787" errors="0" timestamp="2024-12-07T14:56:02 IST" skipped="0">
  <testcase classname="PathAndQueryParameter.HeaderDemo" name="testHeaders" time="3.066"/>
  <testcase classname="PathAndQueryParameter.HeaderDemo" name="getHeader" time="0.721"/>
</testsuite> <!-- PathAndQueryParameter.HeaderDemo -->
