<?xml version="1.0" encoding="UTF-8"?>
<!-- Generated by org.testng.reporters.JUnitReportReporter -->
<testsuite hostname="MacBookAir" failures="0" tests="4" name="Season1HTTPRequest.HTTPRequest" time="6.036" errors="0" timestamp="2024-12-06T15:57:59 IST" skipped="0">
  <testcase classname="Season1HTTPRequest.HTTPRequest" name="getUsers" time="3.512"/>
  <testcase classname="Season1HTTPRequest.HTTPRequest" name="createUser" time="1.141"/>
  <testcase classname="Season1HTTPRequest.HTTPRequest" name="updateUser" time="0.798"/>
  <testcase classname="Season1HTTPRequest.HTTPRequest" name="deleteUser" time="0.585"/>
</testsuite> <!-- Season1HTTPRequest.HTTPRequest -->
